  bgiout.cxx
  Board.cpp
  Cell.cpp
  dibutil.cxx
  Dice.cpp
C:\Users\Muhammad Affan\Downloads\ludo\bgi - Copy\Dice.cpp(15,12): warning C4244: 'argument': conversion from 'time_t' to 'unsigned int', possible loss of data
C:\Users\Muhammad Affan\Downloads\ludo\bgi - Copy\Dice.cpp(145,2): warning C4996: 'sprintf': This function or variable may be unsafe. Consider using sprintf_s instead. To disable deprecation, use _CRT_SECURE_NO_WARNINGS. See online help for details.
C:\Users\Muhammad Affan\Downloads\ludo\bgi - Copy\Dice.cpp(148,2): warning C4996: 'sprintf': This function or variable may be unsafe. Consider using sprintf_s instead. To disable deprecation, use _CRT_SECURE_NO_WARNINGS. See online help for details.
C:\Users\Muhammad Affan\Downloads\ludo\bgi - Copy\Dice.cpp(151,2): warning C4996: 'sprintf': This function or variable may be unsafe. Consider using sprintf_s instead. To disable deprecation, use _CRT_SECURE_NO_WARNINGS. See online help for details.
  drawing.cxx
C:\Users\Muhammad Affan\Downloads\ludo\bgi - Copy\drawing.cxx(819,9): warning C4101: 'tries': unreferenced local variable
C:\Users\Muhammad Affan\Downloads\ludo\bgi - Copy\drawing.cxx(859,10): warning C4101: 'answer': unreferenced local variable
C:\Users\Muhammad Affan\Downloads\ludo\bgi - Copy\drawing.cxx(1110,6): warning C4996: 'strcat': This function or variable may be unsafe. Consider using strcat_s instead. To disable deprecation, use _CRT_SECURE_NO_WARNINGS. See online help for details.
  file.cxx
  Ludo.cpp
  misc.cxx
C:\Users\Muhammad Affan\Downloads\ludo\bgi - Copy\misc.cxx(595,39): warning C4838: conversion from 'int' to 'unsigned short' requires a narrowing conversion
C:\Users\Muhammad Affan\Downloads\ludo\bgi - Copy\misc.cxx(595,46): warning C4838: conversion from 'int' to 'unsigned short' requires a narrowing conversion
C:\Users\Muhammad Affan\Downloads\ludo\bgi - Copy\misc.cxx(595,53): warning C4838: conversion from 'int' to 'unsigned short' requires a narrowing conversion
C:\Users\Muhammad Affan\Downloads\ludo\bgi - Copy\misc.cxx(595,60): warning C4838: conversion from 'int' to 'unsigned short' requires a narrowing conversion
C:\Users\Muhammad Affan\Downloads\ludo\bgi - Copy\misc.cxx(595,67): warning C4838: conversion from 'int' to 'unsigned short' requires a narrowing conversion
C:\Users\Muhammad Affan\Downloads\ludo\bgi - Copy\misc.cxx(595,74): warning C4838: conversion from 'int' to 'unsigned short' requires a narrowing conversion
C:\Users\Muhammad Affan\Downloads\ludo\bgi - Copy\misc.cxx(595,81): warning C4838: conversion from 'int' to 'unsigned short' requires a narrowing conversion
C:\Users\Muhammad Affan\Downloads\ludo\bgi - Copy\misc.cxx(595,88): warning C4838: conversion from 'int' to 'unsigned short' requires a narrowing conversion
C:\Users\Muhammad Affan\Downloads\ludo\bgi - Copy\misc.cxx(596,39): warning C4838: conversion from 'int' to 'unsigned short' requires a narrowing conversion
C:\Users\Muhammad Affan\Downloads\ludo\bgi - Copy\misc.cxx(596,46): warning C4838: conversion from 'int' to 'unsigned short' requires a narrowing conversion
C:\Users\Muhammad Affan\Downloads\ludo\bgi - Copy\misc.cxx(596,53): warning C4838: conversion from 'int' to 'unsigned short' requires a narrowing conversion
C:\Users\Muhammad Affan\Downloads\ludo\bgi - Copy\misc.cxx(596,60): warning C4838: conversion from 'int' to 'unsigned short' requires a narrowing conversion
C:\Users\Muhammad Affan\Downloads\ludo\bgi - Copy\misc.cxx(596,67): warning C4838: conversion from 'int' to 'unsigned short' requires a narrowing conversion
C:\Users\Muhammad Affan\Downloads\ludo\bgi - Copy\misc.cxx(596,74): warning C4838: conversion from 'int' to 'unsigned short' requires a narrowing conversion
C:\Users\Muhammad Affan\Downloads\ludo\bgi - Copy\misc.cxx(596,81): warning C4838: conversion from 'int' to 'unsigned short' requires a narrowing conversion
C:\Users\Muhammad Affan\Downloads\ludo\bgi - Copy\misc.cxx(596,88): warning C4838: conversion from 'int' to 'unsigned short' requires a narrowing conversion
C:\Users\Muhammad Affan\Downloads\ludo\bgi - Copy\misc.cxx(597,39): warning C4838: conversion from 'int' to 'unsigned short' requires a narrowing conversion
C:\Users\Muhammad Affan\Downloads\ludo\bgi - Copy\misc.cxx(597,46): warning C4838: conversion from 'int' to 'unsigned short' requires a narrowing conversion
C:\Users\Muhammad Affan\Downloads\ludo\bgi - Copy\misc.cxx(597,53): warning C4838: conversion from 'int' to 'unsigned short' requires a narrowing conversion
C:\Users\Muhammad Affan\Downloads\ludo\bgi - Copy\misc.cxx(597,60): warning C4838: conversion from 'int' to 'unsigned short' requires a narrowing conversion
C:\Users\Muhammad Affan\Downloads\ludo\bgi - Copy\misc.cxx(597,67): warning C4838: conversion from 'int' to 'unsigned short' requires a narrowing conversion
C:\Users\Muhammad Affan\Downloads\ludo\bgi - Copy\misc.cxx(597,74): warning C4838: conversion from 'int' to 'unsigned short' requires a narrowing conversion
C:\Users\Muhammad Affan\Downloads\ludo\bgi - Copy\misc.cxx(597,81): warning C4838: conversion from 'int' to 'unsigned short' requires a narrowing conversion
C:\Users\Muhammad Affan\Downloads\ludo\bgi - Copy\misc.cxx(597,88): warning C4838: conversion from 'int' to 'unsigned short' requires a narrowing conversion
C:\Users\Muhammad Affan\Downloads\ludo\bgi - Copy\misc.cxx(598,39): warning C4838: conversion from 'int' to 'unsigned short' requires a narrowing conversion
C:\Users\Muhammad Affan\Downloads\ludo\bgi - Copy\misc.cxx(598,46): warning C4838: conversion from 'int' to 'unsigned short' requires a narrowing conversion
C:\Users\Muhammad Affan\Downloads\ludo\bgi - Copy\misc.cxx(598,53): warning C4838: conversion from 'int' to 'unsigned short' requires a narrowing conversion
C:\Users\Muhammad Affan\Downloads\ludo\bgi - Copy\misc.cxx(598,60): warning C4838: conversion from 'int' to 'unsigned short' requires a narrowing conversion
C:\Users\Muhammad Affan\Downloads\ludo\bgi - Copy\misc.cxx(598,67): warning C4838: conversion from 'int' to 'unsigned short' requires a narrowing conversion
C:\Users\Muhammad Affan\Downloads\ludo\bgi - Copy\misc.cxx(598,74): warning C4838: conversion from 'int' to 'unsigned short' requires a narrowing conversion
C:\Users\Muhammad Affan\Downloads\ludo\bgi - Copy\misc.cxx(598,81): warning C4838: conversion from 'int' to 'unsigned short' requires a narrowing conversion
C:\Users\Muhammad Affan\Downloads\ludo\bgi - Copy\misc.cxx(598,88): warning C4838: conversion from 'int' to 'unsigned short' requires a narrowing conversion
C:\Users\Muhammad Affan\Downloads\ludo\bgi - Copy\misc.cxx(599,39): warning C4838: conversion from 'int' to 'unsigned short' requires a narrowing conversion
C:\Users\Muhammad Affan\Downloads\ludo\bgi - Copy\misc.cxx(599,46): warning C4838: conversion from 'int' to 'unsigned short' requires a narrowing conversion
C:\Users\Muhammad Affan\Downloads\ludo\bgi - Copy\misc.cxx(599,53): warning C4838: conversion from 'int' to 'unsigned short' requires a narrowing conversion
C:\Users\Muhammad Affan\Downloads\ludo\bgi - Copy\misc.cxx(599,60): warning C4838: conversion from 'int' to 'unsigned short' requires a narrowing conversion
C:\Users\Muhammad Affan\Downloads\ludo\bgi - Copy\misc.cxx(599,67): warning C4838: conversion from 'int' to 'unsigned short' requires a narrowing conversion
C:\Users\Muhammad Affan\Downloads\ludo\bgi - Copy\misc.cxx(599,74): warning C4838: conversion from 'int' to 'unsigned short' requires a narrowing conversion
C:\Users\Muhammad Affan\Downloads\ludo\bgi - Copy\misc.cxx(599,81): warning C4838: conversion from 'int' to 'unsigned short' requires a narrowing conversion
C:\Users\Muhammad Affan\Downloads\ludo\bgi - Copy\misc.cxx(599,88): warning C4838: conversion from 'int' to 'unsigned short' requires a narrowing conversion
  mouse.cxx
  palette.cxx
  main.cxx
C:\Users\Muhammad Affan\Downloads\ludo\bgi - Copy\main.cxx(189,33): warning C4244: 'argument': conversion from 'double' to 'int', possible loss of data
C:\Users\Muhammad Affan\Downloads\ludo\bgi - Copy\main.cxx(189,9): warning C4244: 'argument': conversion from 'double' to 'int', possible loss of data
C:\Users\Muhammad Affan\Downloads\ludo\bgi - Copy\main.cxx(192,33): warning C4244: 'argument': conversion from 'double' to 'int', possible loss of data
C:\Users\Muhammad Affan\Downloads\ludo\bgi - Copy\main.cxx(192,9): warning C4244: 'argument': conversion from 'double' to 'int', possible loss of data
C:\Users\Muhammad Affan\Downloads\ludo\bgi - Copy\main.cxx(195,42): warning C4244: 'argument': conversion from 'double' to 'int', possible loss of data
C:\Users\Muhammad Affan\Downloads\ludo\bgi - Copy\main.cxx(194,56): warning C4244: 'argument': conversion from 'double' to 'int', possible loss of data
C:\Users\Muhammad Affan\Downloads\ludo\bgi - Copy\main.cxx(194,38): warning C4244: 'argument': conversion from 'double' to 'int', possible loss of data
C:\Users\Muhammad Affan\Downloads\ludo\bgi - Copy\main.cxx(194,20): warning C4244: 'argument': conversion from 'double' to 'int', possible loss of data
C:\Users\Muhammad Affan\Downloads\ludo\bgi - Copy\main.cxx(333,27): warning C4805: '==': unsafe mix of type 'int' and type 'bool' in operation
C:\Users\Muhammad Affan\Downloads\ludo\bgi - Copy\main.cxx(367,21): warning C4244: '=': conversion from 'double' to 'int', possible loss of data
C:\Users\Muhammad Affan\Downloads\ludo\bgi - Copy\main.cxx(388,17): warning C4244: '=': conversion from 'double' to 'float', possible loss of data
C:\Users\Muhammad Affan\Downloads\ludo\bgi - Copy\main.cxx(397,21): warning C4244: '=': conversion from 'float' to 'int', possible loss of data
  Piece.cpp
  Player.cpp
  Position.cpp
  Source.cpp
C:\Users\Muhammad Affan\Downloads\ludo\bgi - Copy\Source.cpp(95,19): warning C4305: 'argument': truncation from '__int64' to 'int'
C:\Users\Muhammad Affan\Downloads\ludo\bgi - Copy\Source.cpp(95,8): warning C4309: 'argument': truncation of constant value
  Team.cpp
  text.cxx
C:\Users\Muhammad Affan\Downloads\ludo\bgi - Copy\text.cxx(348,19): warning C4018: '<': signed/unsigned mismatch
  winbgi.cxx
C:\Users\Muhammad Affan\Downloads\ludo\bgi - Copy\winbgi.cxx(134,14): warning C4101: 'actual_color': unreferenced local variable
C:\Users\Muhammad Affan\Downloads\ludo\bgi - Copy\winbgi.cxx(133,9): warning C4101: 'bgi_color': unreferenced local variable
C:\Users\Muhammad Affan\Downloads\ludo\bgi - Copy\winbgi.cxx(494,5): warning C4996: 'sprintf': This function or variable may be unsafe. Consider using sprintf_s instead. To disable deprecation, use _CRT_SECURE_NO_WARNINGS. See online help for details.
  winthread.cxx
C:\Users\Muhammad Affan\Downloads\ludo\bgi - Copy\winthread.cxx(320,9): warning C4101: 'i': unreferenced local variable
  Generating Code...
C:\Users\Muhammad Affan\Downloads\ludo\bgi - Copy\Ludo.cpp(201): warning C4700: uninitialized local variable 'tempr' used
C:\Users\Muhammad Affan\Downloads\ludo\bgi - Copy\Ludo.cpp(202): warning C4700: uninitialized local variable 'tempc' used
C:\Users\Muhammad Affan\Downloads\ludo\bgi - Copy\Ludo.cpp(194): warning C4700: uninitialized local variable 'tempr' used
C:\Users\Muhammad Affan\Downloads\ludo\bgi - Copy\Ludo.cpp(195): warning C4700: uninitialized local variable 'tempc' used
LINK : warning LNK4031: no subsystem specified; CONSOLE assumed
  bgi.vcxproj -> C:\Users\Muhammad Affan\Downloads\ludo\bgi - Copy\Debug\bgi.exe
